<?xml version="1.0" encoding="utf-8"?><testsuites name="pytest tests"><testsuite name="pytest" errors="0" failures="0" skipped="0" tests="37" time="6.784" timestamp="2026-09-01T23:40:14.482898+00:00" hostname="agent-env-6eda4db3-c384-488e-a789-e2016c216e38"><testcase classname="tests.test_notifin_groups.TestGroupCreate" name="test_free_user_cannot_create_group" time="0.533" /><testcase classname="tests.test_notifin_groups.TestGroupCreate" name="test_premium_user_creates_group" time="0.814" /><testcase classname="tests.test_notifin_groups.TestGroupJoin" name="test_join_invalid_code_404" time="0.072" /><testcase classname="tests.test_notifin_groups.TestGroupJoin" name="test_join_already_member_409" time="0.071" /><testcase classname="tests.test_notifin_groups.TestGroupJoin" name="test_join_case_insensitive_ok" time="0.362" /><testcase classname="tests.test_notifin_groups.TestGroupListDetail" name="test_list_groups_shape" time="0.072" /><testcase classname="tests.test_notifin_groups.TestGroupListDetail" name="test_detail_before_subs" time="0.073" /><testcase classname="tests.test_notifin_groups.TestGroupSubsCRUD" name="test_member_cannot_create_sub" time="0.073" /><testcase classname="tests.test_notifin_groups.TestGroupSubsCRUD" name="test_owner_creates_equal_sub" time="0.074" /><testcase classname="tests.test_notifin_groups.TestGroupSubsCRUD" name="test_detail_shows_splits_equal" time="0.084" /><testcase classname="tests.test_notifin_groups.TestGroupSubsCRUD" name="test_owner_updates_to_custom_split" time="0.151" /><testcase classname="tests.test_notifin_groups.TestPayFlow" name="test_member_pays_self" time="0.148" /><testcase classname="tests.test_notifin_groups.TestPayFlow" name="test_member_cannot_pay_others" time="0.085" /><testcase classname="tests.test_notifin_groups.TestPayFlow" name="test_owner_marks_outsider_paid" time="0.229" /><testcase classname="tests.test_notifin_groups.TestLeaveDelete" name="test_owner_cannot_leave" time="0.073" /><testcase classname="tests.test_notifin_groups.TestLeaveDelete" name="test_member_can_leave" time="0.149" /><testcase classname="tests.test_notifin_groups.TestLeaveDelete" name="test_non_owner_cannot_delete" time="0.078" /><testcase classname="tests.test_notifin_groups.TestLeaveDelete" name="test_owner_deletes_group" time="0.150" /><testcase classname="tests.test_notifin_groups.TestDashboardHighlights" name="test_dashboard_highlights" time="0.776" /><testcase classname="tests.test_notifin_backend.TestHealth" name="test_root" time="0.163" /><testcase classname="tests.test_notifin_backend.TestAuth" name="test_register_duplicate_email" time="0.338" /><testcase classname="tests.test_notifin_backend.TestAuth" name="test_login_seeded_or_fallback" time="0.281" /><testcase classname="tests.test_notifin_backend.TestAuth" name="test_login_wrong_password" time="0.282" /><testcase classname="tests.test_notifin_backend.TestAuth" name="test_me_requires_token" time="0.053" /><testcase classname="tests.test_notifin_backend.TestAuth" name="test_me_with_token" time="0.056" /><testcase classname="tests.test_notifin_backend.TestAuth" name="test_google_session_invalid" time="0.161" /><testcase classname="tests.test_notifin_backend.TestSubscriptionsAndFreemium" name="test_create_three_subs_free_plan" time="0.177" /><testcase classname="tests.test_notifin_backend.TestSubscriptionsAndFreemium" name="test_freemium_limit_reached_on_4th" time="0.056" /><testcase classname="tests.test_notifin_backend.TestSubscriptionsAndFreemium" name="test_list_and_verify_persistence" time="0.061" /><testcase classname="tests.test_notifin_backend.TestSubscriptionsAndFreemium" name="test_filter_by_category" time="0.058" /><testcase classname="tests.test_notifin_backend.TestSubscriptionsAndFreemium" name="test_filter_by_status" time="0.060" /><testcase classname="tests.test_notifin_backend.TestSubscriptionsAndFreemium" name="test_update_subscription_and_verify" time="0.119" /><testcase classname="tests.test_notifin_backend.TestSubscriptionsAndFreemium" name="test_upgrade_unlocks_unlimited" time="0.121" /><testcase classname="tests.test_notifin_backend.TestDashboard" name="test_dashboard_structure" time="0.060" /><testcase classname="tests.test_notifin_backend.TestChannels" name="test_update_channels" time="0.122" /><testcase classname="tests.test_notifin_backend.TestPushRegister" name="test_register_push_does_not_crash" time="0.114" /><testcase classname="tests.test_notifin_backend.TestCleanup" name="test_soft_delete_subs" time="0.343" /></testsuite></testsuites>