<?xml version="1.0" encoding="utf-8"?><testsuites name="pytest tests"><testsuite name="pytest" errors="0" failures="0" skipped="0" tests="52" time="12.260" timestamp="2026-09-02T05:09:53.680681+00:00" hostname="agent-env-6eda4db3-c384-488e-a789-e2016c216e38"><testcase classname="tests.test_notifin_backend.TestHealth" name="test_root" time="0.143" /><testcase classname="tests.test_notifin_backend.TestAuth" name="test_register_duplicate_email" time="0.355" /><testcase classname="tests.test_notifin_backend.TestAuth" name="test_login_seeded_or_fallback" time="0.280" /><testcase classname="tests.test_notifin_backend.TestAuth" name="test_login_wrong_password" time="0.284" /><testcase classname="tests.test_notifin_backend.TestAuth" name="test_me_requires_token" time="0.057" /><testcase classname="tests.test_notifin_backend.TestAuth" name="test_me_with_token" time="0.066" /><testcase classname="tests.test_notifin_backend.TestAuth" name="test_google_session_invalid" time="0.147" /><testcase classname="tests.test_notifin_backend.TestSubscriptionsAndFreemium" name="test_create_three_subs_free_plan" time="0.179" /><testcase classname="tests.test_notifin_backend.TestSubscriptionsAndFreemium" name="test_freemium_limit_reached_on_4th" time="0.054" /><testcase classname="tests.test_notifin_backend.TestSubscriptionsAndFreemium" name="test_list_and_verify_persistence" time="0.069" /><testcase classname="tests.test_notifin_backend.TestSubscriptionsAndFreemium" name="test_filter_by_category" time="0.069" /><testcase classname="tests.test_notifin_backend.TestSubscriptionsAndFreemium" name="test_filter_by_status" time="0.079" /><testcase classname="tests.test_notifin_backend.TestSubscriptionsAndFreemium" name="test_update_subscription_and_verify" time="0.120" /><testcase classname="tests.test_notifin_backend.TestSubscriptionsAndFreemium" name="test_upgrade_unlocks_unlimited" time="0.120" /><testcase classname="tests.test_notifin_backend.TestDashboard" name="test_dashboard_structure" time="0.069" /><testcase classname="tests.test_notifin_backend.TestChannels" name="test_update_channels" time="0.119" /><testcase classname="tests.test_notifin_backend.TestPushRegister" name="test_register_push_does_not_crash" time="0.089" /><testcase classname="tests.test_notifin_backend.TestCleanup" name="test_soft_delete_subs" time="0.370" /><testcase classname="tests.test_notifin_fase3.TestPhoneEndpoint" name="test_normalize_08xx_to_62" time="0.515" /><testcase classname="tests.test_notifin_fase3.TestPhoneEndpoint" name="test_normalize_plus62_ok" time="0.355" /><testcase classname="tests.test_notifin_fase3.TestPhoneEndpoint" name="test_invalid_phone_422" time="0.350" /><testcase classname="tests.test_notifin_fase3.TestPhoneEndpoint" name="test_empty_clears_phone" time="0.493" /><testcase classname="tests.test_notifin_fase3.TestPhoneEndpoint" name="test_public_user_has_wa_live_field" time="0.348" /><testcase classname="tests.test_notifin_fase3.TestNudge" name="test_owner_nudges_unpaid_member_ok" time="0.913" /><testcase classname="tests.test_notifin_fase3.TestNudge" name="test_repeat_same_day_429" time="0.047" /><testcase classname="tests.test_notifin_fase3.TestNudge" name="test_wa_outbox_persisted" time="0.005" /><testcase classname="tests.test_notifin_fase3.TestNudge" name="test_nudge_self_400" time="0.050" /><testcase classname="tests.test_notifin_fase3.TestNudge" name="test_non_owner_403" time="0.063" /><testcase classname="tests.test_notifin_fase3.TestNudge" name="test_nudge_already_paid_400" time="0.519" /><testcase classname="tests.test_notifin_fase3.TestGroupHistory" name="test_new_sub_empty_history" time="0.761" /><testcase classname="tests.test_notifin_fase3.TestGroupHistory" name="test_past_periods_after_backdate" time="0.644" /><testcase classname="tests.test_notifin_fase3.TestReminderSweep" name="test_personal_reminder_wa_and_idempotent" time="0.016" /><testcase classname="tests.test_notifin_fase3.TestReminderSweep" name="test_group_reminder_only_eligible" time="0.061" /><testcase classname="tests.test_notifin_groups.TestGroupCreate" name="test_free_user_cannot_create_group" time="0.467" /><testcase classname="tests.test_notifin_groups.TestGroupCreate" name="test_premium_user_creates_group" time="0.818" /><testcase classname="tests.test_notifin_groups.TestGroupJoin" name="test_join_invalid_code_404" time="0.082" /><testcase classname="tests.test_notifin_groups.TestGroupJoin" name="test_join_already_member_409" time="0.082" /><testcase classname="tests.test_notifin_groups.TestGroupJoin" name="test_join_case_insensitive_ok" time="0.363" /><testcase classname="tests.test_notifin_groups.TestGroupListDetail" name="test_list_groups_shape" time="0.078" /><testcase classname="tests.test_notifin_groups.TestGroupListDetail" name="test_detail_before_subs" time="0.073" /><testcase classname="tests.test_notifin_groups.TestGroupSubsCRUD" name="test_member_cannot_create_sub" time="0.078" /><testcase classname="tests.test_notifin_groups.TestGroupSubsCRUD" name="test_owner_creates_equal_sub" time="0.082" /><testcase classname="tests.test_notifin_groups.TestGroupSubsCRUD" name="test_detail_shows_splits_equal" time="0.075" /><testcase classname="tests.test_notifin_groups.TestGroupSubsCRUD" name="test_owner_updates_to_custom_split" time="0.146" /><testcase classname="tests.test_notifin_groups.TestPayFlow" name="test_member_pays_self" time="0.149" /><testcase classname="tests.test_notifin_groups.TestPayFlow" name="test_member_cannot_pay_others" time="0.082" /><testcase classname="tests.test_notifin_groups.TestPayFlow" name="test_owner_marks_outsider_paid" time="0.246" /><testcase classname="tests.test_notifin_groups.TestLeaveDelete" name="test_owner_cannot_leave" time="0.068" /><testcase classname="tests.test_notifin_groups.TestLeaveDelete" name="test_member_can_leave" time="0.165" /><testcase classname="tests.test_notifin_groups.TestLeaveDelete" name="test_non_owner_cannot_delete" time="0.073" /><testcase classname="tests.test_notifin_groups.TestLeaveDelete" name="test_owner_deletes_group" time="0.140" /><testcase classname="tests.test_notifin_groups.TestDashboardHighlights" name="test_dashboard_highlights" time="0.744" /></testsuite></testsuites>