<?xml version="1.0" encoding="utf-8"?><testsuites name="pytest tests"><testsuite name="pytest" errors="0" failures="0" skipped="0" tests="15" time="6.038" timestamp="2026-09-02T05:08:10.485358+00:00" hostname="agent-env-6eda4db3-c384-488e-a789-e2016c216e38"><testcase classname="tests.test_notifin_fase3.TestPhoneEndpoint" name="test_normalize_08xx_to_62" time="0.648" /><testcase classname="tests.test_notifin_fase3.TestPhoneEndpoint" name="test_normalize_plus62_ok" time="0.370" /><testcase classname="tests.test_notifin_fase3.TestPhoneEndpoint" name="test_invalid_phone_422" time="0.370" /><testcase classname="tests.test_notifin_fase3.TestPhoneEndpoint" name="test_empty_clears_phone" time="0.517" /><testcase classname="tests.test_notifin_fase3.TestPhoneEndpoint" name="test_public_user_has_wa_live_field" time="0.370" /><testcase classname="tests.test_notifin_fase3.TestNudge" name="test_owner_nudges_unpaid_member_ok" time="1.204" /><testcase classname="tests.test_notifin_fase3.TestNudge" name="test_repeat_same_day_429" time="0.069" /><testcase classname="tests.test_notifin_fase3.TestNudge" name="test_wa_outbox_persisted" time="0.005" /><testcase classname="tests.test_notifin_fase3.TestNudge" name="test_nudge_self_400" time="0.069" /><testcase classname="tests.test_notifin_fase3.TestNudge" name="test_non_owner_403" time="0.075" /><testcase classname="tests.test_notifin_fase3.TestNudge" name="test_nudge_already_paid_400" time="0.642" /><testcase classname="tests.test_notifin_fase3.TestGroupHistory" name="test_new_sub_empty_history" time="0.589" /><testcase classname="tests.test_notifin_fase3.TestGroupHistory" name="test_past_periods_after_backdate" time="0.657" /><testcase classname="tests.test_notifin_fase3.TestReminderSweep" name="test_personal_reminder_wa_and_idempotent" time="0.013" /><testcase classname="tests.test_notifin_fase3.TestReminderSweep" name="test_group_reminder_only_eligible" time="0.039" /></testsuite></testsuites>