<?xml version="1.0" encoding="utf-8"?><testsuites name="pytest tests"><testsuite name="pytest" errors="0" failures="0" skipped="0" tests="19" time="3.881" timestamp="2026-09-01T23:39:41.803935+00:00" hostname="agent-env-6eda4db3-c384-488e-a789-e2016c216e38"><testcase classname="tests.test_notifin_groups.TestGroupCreate" name="test_free_user_cannot_create_group" time="0.451" /><testcase classname="tests.test_notifin_groups.TestGroupCreate" name="test_premium_user_creates_group" time="0.763" /><testcase classname="tests.test_notifin_groups.TestGroupJoin" name="test_join_invalid_code_404" time="0.062" /><testcase classname="tests.test_notifin_groups.TestGroupJoin" name="test_join_already_member_409" time="0.067" /><testcase classname="tests.test_notifin_groups.TestGroupJoin" name="test_join_case_insensitive_ok" time="0.363" /><testcase classname="tests.test_notifin_groups.TestGroupListDetail" name="test_list_groups_shape" time="0.061" /><testcase classname="tests.test_notifin_groups.TestGroupListDetail" name="test_detail_before_subs" time="0.060" /><testcase classname="tests.test_notifin_groups.TestGroupSubsCRUD" name="test_member_cannot_create_sub" time="0.067" /><testcase classname="tests.test_notifin_groups.TestGroupSubsCRUD" name="test_owner_creates_equal_sub" time="0.077" /><testcase classname="tests.test_notifin_groups.TestGroupSubsCRUD" name="test_detail_shows_splits_equal" time="0.064" /><testcase classname="tests.test_notifin_groups.TestGroupSubsCRUD" name="test_owner_updates_to_custom_split" time="0.119" /><testcase classname="tests.test_notifin_groups.TestPayFlow" name="test_member_pays_self" time="0.337" /><testcase classname="tests.test_notifin_groups.TestPayFlow" name="test_member_cannot_pay_others" time="0.057" /><testcase classname="tests.test_notifin_groups.TestPayFlow" name="test_owner_marks_outsider_paid" time="0.185" /><testcase classname="tests.test_notifin_groups.TestLeaveDelete" name="test_owner_cannot_leave" time="0.109" /><testcase classname="tests.test_notifin_groups.TestLeaveDelete" name="test_member_can_leave" time="0.116" /><testcase classname="tests.test_notifin_groups.TestLeaveDelete" name="test_non_owner_cannot_delete" time="0.059" /><testcase classname="tests.test_notifin_groups.TestLeaveDelete" name="test_owner_deletes_group" time="0.143" /><testcase classname="tests.test_notifin_groups.TestDashboardHighlights" name="test_dashboard_highlights" time="0.658" /></testsuite></testsuites>