<?xml version="1.0" encoding="utf-8"?><testsuites name="pytest tests"><testsuite name="pytest" errors="0" failures="1" skipped="0" tests="18" time="3.904" timestamp="2026-09-01T17:06:54.255274+00:00" hostname="agent-env-6eda4db3-c384-488e-a789-e2016c216e38"><testcase classname="tests.test_notifin_backend.TestHealth" name="test_root" time="0.319" /><testcase classname="tests.test_notifin_backend.TestAuth" name="test_register_duplicate_email" time="0.411" /><testcase classname="tests.test_notifin_backend.TestAuth" name="test_login_seeded_or_fallback" time="0.312" /><testcase classname="tests.test_notifin_backend.TestAuth" name="test_login_wrong_password" time="0.309" /><testcase classname="tests.test_notifin_backend.TestAuth" name="test_me_requires_token" time="0.088" /><testcase classname="tests.test_notifin_backend.TestAuth" name="test_me_with_token" time="0.088" /><testcase classname="tests.test_notifin_backend.TestAuth" name="test_google_session_invalid" time="0.166" /><testcase classname="tests.test_notifin_backend.TestSubscriptionsAndFreemium" name="test_create_three_subs_free_plan" time="0.299" /><testcase classname="tests.test_notifin_backend.TestSubscriptionsAndFreemium" name="test_freemium_limit_reached_on_4th" time="0.089" /><testcase classname="tests.test_notifin_backend.TestSubscriptionsAndFreemium" name="test_list_and_verify_persistence" time="0.092" /><testcase classname="tests.test_notifin_backend.TestSubscriptionsAndFreemium" name="test_filter_by_category" time="0.093" /><testcase classname="tests.test_notifin_backend.TestSubscriptionsAndFreemium" name="test_filter_by_status" time="0.105" /><testcase classname="tests.test_notifin_backend.TestSubscriptionsAndFreemium" name="test_update_subscription_and_verify" time="0.205" /><testcase classname="tests.test_notifin_backend.TestSubscriptionsAndFreemium" name="test_upgrade_unlocks_unlimited" time="0.250" /><testcase classname="tests.test_notifin_backend.TestDashboard" name="test_dashboard_structure" time="0.094" /><testcase classname="tests.test_notifin_backend.TestChannels" name="test_update_channels" time="0.195" /><testcase classname="tests.test_notifin_backend.TestPushRegister" name="test_register_push_does_not_crash" time="0.132"><failure message="AssertionError: unexpected: 500 {&quot;detail&quot;:&quot;EMERGENT_PUSH_KEY missing or invalid&quot;}&#10;assert 500 in (200, 201, 502)&#10; +  where 500 = &lt;Response [500]&gt;.status_code">backend/tests/test_notifin_backend.py:194: in test_register_push_does_not_crash
    assert r.status_code in (200, 201, 502), f"unexpected: {r.status_code} {r.text}"
E   AssertionError: unexpected: 500 {"detail":"EMERGENT_PUSH_KEY missing or invalid"}
E   assert 500 in (200, 201, 502)
E    +  where 500 = &lt;Response [500]&gt;.status_code</failure></testcase><testcase classname="tests.test_notifin_backend.TestCleanup" name="test_soft_delete_subs" time="0.564" /></testsuite></testsuites>